<?xml version="1.0" encoding="UTF-8"?>
<testng-results ignored="0" total="1" passed="1" failed="0" skipped="0">
  <reporter-output>
  </reporter-output>
  <suite started-at="2023-01-02T15:15:09 IST" name="Suite" finished-at="2023-01-02T15:15:26 IST" duration-ms="17338">
    <groups>
    </groups>
    <test started-at="2023-01-02T15:15:09 IST" name="Test" finished-at="2023-01-02T15:15:26 IST" duration-ms="17338">
      <class name="mavendemo1.Demo">
        <test-method signature="teardown()[pri:0, instance:mavendemo1.Demo@71def8f8]" started-at="2023-01-02T15:15:09 IST" name="teardown" finished-at="2023-01-02T15:15:26 IST" duration-ms="17297" status="PASS">
          <reporter-output>
          </reporter-output>
        </test-method> <!-- teardown -->
      </class> <!-- mavendemo1.Demo -->
    </test> <!-- Test -->
  </suite> <!-- Suite -->
</testng-results>
